[debug] [2024-03-17T04:05:44.985Z] ----------------------------------------------------------------------
[debug] [2024-03-17T04:05:44.987Z] Command:       C:\Program Files\nodejs\node.exe C:\Users\Jarinya Promsit\AppData\Roaming\npm\node_modules\firebase-tools\lib\bin\firebase.js deploy
[debug] [2024-03-17T04:05:44.987Z] CLI Version:   13.5.1
[debug] [2024-03-17T04:05:44.988Z] Platform:      win32
[debug] [2024-03-17T04:05:44.988Z] Node Version:  v20.10.0
[debug] [2024-03-17T04:05:44.988Z] Time:          Sun Mar 17 2024 11:05:44 GMT+0700 (Indochina Time)
[debug] [2024-03-17T04:05:44.988Z] ----------------------------------------------------------------------
[debug] 
[debug] [2024-03-17T04:05:45.044Z] > command requires scopes: ["email","openid","https://www.googleapis.com/auth/cloudplatformprojects.readonly","https://www.googleapis.com/auth/firebase","https://www.googleapis.com/auth/cloud-platform"]
[debug] [2024-03-17T04:05:45.045Z] > authorizing via signed-in user (65011212050@msu.ac.th)
[debug] [2024-03-17T04:05:45.045Z] [iam] checking project projectwebadv for permissions ["firebase.projects.get","firebasehosting.sites.update"]
[debug] [2024-03-17T04:05:45.047Z] >>> [apiv2][query] POST https://cloudresourcemanager.googleapis.com/v1/projects/projectwebadv:testIamPermissions [none]
[debug] [2024-03-17T04:05:45.047Z] >>> [apiv2][(partial)header] POST https://cloudresourcemanager.googleapis.com/v1/projects/projectwebadv:testIamPermissions x-goog-quota-user=projects/projectwebadv
[debug] [2024-03-17T04:05:45.048Z] >>> [apiv2][body] POST https://cloudresourcemanager.googleapis.com/v1/projects/projectwebadv:testIamPermissions {"permissions":["firebase.projects.get","firebasehosting.sites.update"]}
[debug] [2024-03-17T04:05:56.171Z] *** [apiv2] error from fetch(https://cloudresourcemanager.googleapis.com/v1/projects/projectwebadv:testIamPermissions, {"headers":{},"method":"POST","body":"{\"permissions\":[\"firebase.projects.get\",\"firebasehosting.sites.update\"]}"}): FetchError: request to https://cloudresourcemanager.googleapis.com/v1/projects/projectwebadv:testIamPermissions failed, reason: getaddrinfo ENOTFOUND cloudresourcemanager.googleapis.com
[debug] [2024-03-17T04:05:56.171Z] [iam] error while checking permissions, command may fail: FirebaseError: Failed to make request to https://cloudresourcemanager.googleapis.com/v1/projects/projectwebadv:testIamPermissions
[debug] [2024-03-17T04:05:56.173Z] >>> [apiv2][query] GET https://firebase.googleapis.com/v1beta1/projects/projectwebadv [none]
[debug] [2024-03-17T04:05:56.176Z] *** [apiv2] error from fetch(https://firebase.googleapis.com/v1beta1/projects/projectwebadv, {"headers":{},"method":"GET","signal":{}}): FetchError: request to https://firebase.googleapis.com/v1beta1/projects/projectwebadv failed, reason: getaddrinfo ENOTFOUND firebase.googleapis.com
[debug] [2024-03-17T04:05:56.177Z] Failed to make request to https://firebase.googleapis.com/v1beta1/projects/projectwebadv (original: request to https://firebase.googleapis.com/v1beta1/projects/projectwebadv failed, reason: getaddrinfo ENOTFOUND firebase.googleapis.com)
[error] 
[error] Error: Assertion failed: resolving hosting target of a site with no site name or target name. This should have caused an error earlier
